[INFO  - 2021-06-04T08:12:53.488Z] GhostDriver - Main - running on port 61013
[INFO  - 2021-06-04T08:12:53.703Z] Session [a9621930-c50c-11eb-a6f5-f9eabe2583b3] - page.settings - {"XSSAuditingEnabled":false,"javascriptCanCloseWindows":true,"javascriptCanOpenWindows":true,"javascriptEnabled":true,"loadImages":true,"localToRemoteUrlAccessEnabled":false,"userAgent":"Mozilla/5.0 (Macintosh; Intel Mac OS X 10_15_7) AppleWebKit/537.36 (KHTML, like Gecko) Chrome/91.0.4472.77 Safari/537.36","webSecurityEnabled":true}
[INFO  - 2021-06-04T08:12:53.703Z] Session [a9621930-c50c-11eb-a6f5-f9eabe2583b3] - page.customHeaders:  - {}
[INFO  - 2021-06-04T08:12:53.703Z] Session [a9621930-c50c-11eb-a6f5-f9eabe2583b3] - Session.negotiatedCapabilities - {"browserName":"phantomjs","version":"2.1.1","driverName":"ghostdriver","driverVersion":"1.2.0","platform":"mac-unknown-64bit","javascriptEnabled":true,"takesScreenshot":true,"handlesAlerts":false,"databaseEnabled":false,"locationContextEnabled":false,"applicationCacheEnabled":false,"browserConnectionEnabled":false,"cssSelectorsEnabled":true,"webStorageEnabled":false,"rotatable":false,"acceptSslCerts":false,"nativeEvents":true,"proxy":{"proxyType":"direct"},"phantomjs.page.settings.resourceTimeout":"10000","phantomjs.page.settings.userAgent":"Mozilla/5.0 (Macintosh; Intel Mac OS X 10_15_7) AppleWebKit/537.36 (KHTML, like Gecko) Chrome/91.0.4472.77 Safari/537.36"}
[INFO  - 2021-06-04T08:12:53.703Z] SessionManagerReqHand - _postNewSessionCommand - New Session Created: a9621930-c50c-11eb-a6f5-f9eabe2583b3
[ERROR - 2021-06-04T08:12:53.750Z] RouterReqHand - _handle.error - {"name":"Missing Command Parameter","message":"{\"headers\":{\"Accept\":\"application/json\",\"Accept-Encoding\":\"identity\",\"Content-Length\":\"72\",\"Content-Type\":\"application/json;charset=UTF-8\",\"Host\":\"127.0.0.1:61013\",\"User-Agent\":\"selenium/3.141.0 (python mac)\"},\"httpVersion\":\"1.1\",\"method\":\"POST\",\"post\":\"{\\\"pageLoad\\\": 15000, \\\"sessionId\\\": \\\"a9621930-c50c-11eb-a6f5-f9eabe2583b3\\\"}\",\"url\":\"/timeouts\",\"urlParsed\":{\"anchor\":\"\",\"query\":\"\",\"file\":\"timeouts\",\"directory\":\"/\",\"path\":\"/timeouts\",\"relative\":\"/timeouts\",\"port\":\"\",\"host\":\"\",\"password\":\"\",\"user\":\"\",\"userInfo\":\"\",\"authority\":\"\",\"protocol\":\"\",\"source\":\"/timeouts\",\"queryKey\":{},\"chunks\":[\"timeouts\"]},\"urlOriginal\":\"/session/a9621930-c50c-11eb-a6f5-f9eabe2583b3/timeouts\"}","line":546,"sourceURL":"phantomjs://code/session_request_handler.js","stack":"_postTimeout@phantomjs://code/session_request_handler.js:546:73\n_handle@phantomjs://code/session_request_handler.js:148:25\n_reroute@phantomjs://code/request_handler.js:61:20\n_handle@phantomjs://code/router_request_handler.js:78:46"}

  phantomjs://platform/console++.js:263 in error
[ERROR - 2021-06-04T08:12:57.828Z] Session [a9621930-c50c-11eb-a6f5-f9eabe2583b3] - page.onError - msg: TypeError: undefined is not a constructor (evaluating 'Object.entries(vn)')

  phantomjs://platform/console++.js:263 in error
[ERROR - 2021-06-04T08:12:57.828Z] Session [a9621930-c50c-11eb-a6f5-f9eabe2583b3] - page.onError - stack:
  (anonymous function) (https://stc.iqiyipic.com/gaze/uniqy/personal-space/static/js/2.c7ea9ec5.chunk.js:1)
  (anonymous function) (https://stc.iqiyipic.com/gaze/uniqy/personal-space/static/js/2.c7ea9ec5.chunk.js:1)
  i (https://www.iqiyi.com/u/1614757312/videos:2188)
  (anonymous function) (https://stc.iqiyipic.com/gaze/uniqy/personal-space/static/js/2.c7ea9ec5.chunk.js:1)
  i (https://www.iqiyi.com/u/1614757312/videos:2188)
  (anonymous function) (https://stc.iqiyipic.com/gaze/uniqy/personal-space/static/js/main.a5d54839.chunk.js:1)
  i (https://www.iqiyi.com/u/1614757312/videos:2188)
  (anonymous function) (https://stc.iqiyipic.com/gaze/uniqy/personal-space/static/js/main.a5d54839.chunk.js:1)
  i (https://www.iqiyi.com/u/1614757312/videos:2188)
  f (https://www.iqiyi.com/u/1614757312/videos:2188)
  e (https://www.iqiyi.com/u/1614757312/videos:2188)

  phantomjs://platform/console++.js:263 in error
[INFO  - 2021-06-04T08:17:53.488Z] SessionManagerReqHand - _cleanupWindowlessSessions - Asynchronous Sessions clean-up phase starting NOW
[INFO  - 2021-06-04T08:22:53.487Z] SessionManagerReqHand - _cleanupWindowlessSessions - Asynchronous Sessions clean-up phase starting NOW
[INFO  - 2021-06-04T08:27:53.533Z] SessionManagerReqHand - _cleanupWindowlessSessions - Asynchronous Sessions clean-up phase starting NOW
